This is XeTeX, Version 3.14159265-2.6-0.999992 (TeX Live 2020/W32TeX) (preloaded format=xelatex 2020.12.9)  9 MAR 2021 00:27
entering extended mode
 restricted \write18 enabled.
 file:line:error style messages enabled.
 %&-line parsing enabled.
**template
(./template.tex
LaTeX2e <2020-02-02> patch level 5
L3 programming layer <2020-03-06> (./aastex63.cls
Document Class: aastex63 2019/06/03 Version 6.3/AAS markup document class
Class aastex Info: 
 
 Original \LaTeX2.09 style by Chris Biemesderfer (chris@seagoat.com). 
 Adapted to \LaTeXe by A. Ogawa (ogawa@teleport.com)
 emulateapj.cls included, Copyright 2000-2015 Alexey Vikhlinin 
 Rewrite and update of emulateapj.cls, revised and enhanced with table macros, gridlines, draft watermark,
 track changes, new `modern' style and much more, by Amy Hendrickson,
 (amyh@texnology.com, http://www.texnology.com) 
 
  on input line 104.
\bibbaselineskip=\skip47
(d:/texlive/2020/texmf-dist/tex/latex/revtex/revtex4-1.cls
Document Class: revtex4-1 2010/07/25/20:33:00 4.1r (http://publish.aps.org/revtex4/ for documentation)
 Copyright (c) 2009 The American Physical Society.
 mailto:revtex@aps.org
 Licensed under the LPPL:
http://www.ctan.org/tex-archive/macros/latex/base/lppl.txt
 Arthur Ogawa <arthur_ogawa at sbcglobal dot net>
 Based on work by David Carlisle <david at dcarlisle.demon.co.uk>.
ltxutil[2010/07/25/20:33:00 4.1r utilities package (portions licensed from W. E. Baxter web at superscript.com)]
LaTeX Info: Redefining \@centercr on input line 308.
Class revtex4-1 Info: Repairing broken LaTeX eqnarray on input line 358.
\eqncolsep=\skip48
Class revtex4-1 Info: Repairing hyperref-unfriendly LaTeX definition of \mpfootnote on input line 433.
Class revtex4-1 Info: Repairing broken LateX \@sect on input line 755.
\intertabularlinepenalty=\count163
\@tbpen=\count164
\@arstrutbox@hline=\box45
Class revtex4-1 Info: Repairing broken LaTeX \@xbitor on input line 1786.
Class revtex4-1 Info: Making \typeout \long on input line 2046.
ltxfront[2010/07/25/20:33:00 4.1r frontmatter package (AO,DPC)]
\c@affil=\count165
\c@collab=\count166
\absbox=\box46
ltxgrid[2010/07/25/20:33:00 4.1r page grid package (portions licensed from W. E. Baxter web at superscript.com)]
\c@linecount=\count167
\output@latex=\toks15
\box@size@1=\box47
\box@size@2=\box48
\@protection@box=\box49
\@topmark@saved=\toks16
\footins@saved=\box50
\footins@recovered=\box51
\column@recovered=\box52
\pagesofar=\box53
\footsofar=\box54
\pagegrid@col=\count168

Class revtex4-1 Warning: Failed to recognize \@vspace, \@vspacer, \@no@pgbk, \@newline, and \\; no patches applied. Please get a more up-to-date class, .

\c@part=\count169
\c@section=\count170
\c@subsection=\count171
\c@subsubsection=\count172
\c@paragraph=\count173
\c@subparagraph=\count174
\abovecaptionskip=\skip49
\belowcaptionskip=\skip50
\c@figure=\count175
\fbox@1=\box55
\c@table=\count176
\fbox@2=\box56
\c@video=\count177
\fbox@4=\box57
\@bibdataout=\write3
\widetext@top=\box58
\widetext@bot=\box59
Class revtex4-1 Info: Selecting society aps on input line 7542.
(d:/texlive/2020/texmf-dist/tex/latex/revtex/aps4-1.rtx
File: aps4-1 2010/07/25/20:33:00 4.1r (http://publish.aps.org/revtex4/ for documentation)
Class revtex4-1 Info: RevTeX society APS selected on input line 31.
)
Class revtex4-1 Info: Selecting journal pra on input line 7544.
Class revtex4-1 Info: APS journal PRA selected on input line 7545.
 (d:/texlive/2020/texmf-dist/tex/latex/revtex/aps12pt4-1.rtx
File: aps12pt4-1 2010/07/25/20:33:00 4.1r (http://publish.aps.org/revtex4/ for documentation)
Class revtex4-1 Info: RevTeX pointsize 12pt selected on input line 30.
) (d:/texlive/2020/texmf-dist/tex/latex/textcase/textcase.sty
Package: textcase 2019/09/14 v1.00 Text only upper/lower case changing (DPC)
) (d:/texlive/2020/texmf-dist/tex/latex/url/url.sty
\Urlmuskip=\muskip16
Package: url 2013/09/16  ver 3.4  Verb mode for urls, etc.
) (d:/texlive/2020/texmf-dist/tex/latex/natbib/natbib.sty
Package: natbib 2010/09/13 8.31b (PWD, AO)
\bibhang=\skip51
\bibsep=\skip52
LaTeX Info: Redefining \cite on input line 694.
\c@NAT@ctr=\count178
)
Class revtex4-1 Info: Repairing natbib's \BibitemShut on input line 7549.
 (d:/texlive/2020/texmf-dist/tex/latex/revtex/revsymb4-1.sty
Package: revsymb4-1 2010/07/25/20:33:00 4.1r (http://publish.aps.org/revtex4/ for documentation)
LaTeX Info: Redefining \REV@mathfrak on input line 119.
)) (d:/texlive/2020/texmf-dist/tex/latex/base/latexsym.sty
Package: latexsym 1998/08/17 v2.2e Standard LaTeX package (lasy symbols)
\symlasy=\mathgroup4
LaTeX Font Info:    Overwriting symbol font `lasy' in version `bold'
(Font)                  U/lasy/m/n --> U/lasy/b/n on input line 52.
) (d:/texlive/2020/texmf-dist/tex/latex/graphics/graphicx.sty
Package: graphicx 2019/11/30 v1.2a Enhanced LaTeX Graphics (DPC,SPQR)
 (d:/texlive/2020/texmf-dist/tex/latex/graphics/keyval.sty
Package: keyval 2014/10/28 v1.15 key=value parser (DPC)
\KV@toks@=\toks17
) (d:/texlive/2020/texmf-dist/tex/latex/graphics/graphics.sty
Package: graphics 2019/11/30 v1.4a Standard LaTeX Graphics (DPC,SPQR)
 (d:/texlive/2020/texmf-dist/tex/latex/graphics/trig.sty
Package: trig 2016/01/03 v1.10 sin cos tan (DPC)
) (d:/texlive/2020/texmf-dist/tex/latex/graphics-cfg/graphics.cfg
File: graphics.cfg 2016/06/04 v1.11 sample graphics configuration
)
Package graphics Info: Driver file: xetex.def on input line 105.
 (d:/texlive/2020/texmf-dist/tex/latex/graphics-def/xetex.def
File: xetex.def 2017/06/24 v5.0h Graphics/color driver for xetex
))
\Gin@req@height=\dimen134
\Gin@req@width=\dimen135
) (d:/texlive/2020/texmf-dist/tex/latex/amsfonts/amssymb.sty
Package: amssymb 2013/01/14 v3.01 AMS font symbols
 (d:/texlive/2020/texmf-dist/tex/latex/amsfonts/amsfonts.sty
Package: amsfonts 2013/01/14 v3.01 Basic AMSFonts support
\@emptytoks=\toks18
\symAMSa=\mathgroup5
\symAMSb=\mathgroup6
LaTeX Font Info:    Redeclaring math symbol \hbar on input line 98.
LaTeX Font Info:    Overwriting math alphabet `\mathfrak' in version `bold'
(Font)                  U/euf/m/n --> U/euf/b/n on input line 106.
LaTeX Info: Redefining \frak on input line 111.
LaTeX Info: Redefining \Bbb on input line 113.
)) (d:/texlive/2020/texmf-dist/tex/generic/epsf/epsf.sty
This is `epsf.tex' v2.7.4 <14 February 2011>
\epsffilein=\read2
\epsfframemargin=\dimen136
\epsfframethickness=\dimen137
\epsfrsize=\dimen138
\epsftmp=\dimen139
\epsftsize=\dimen140
\epsfxsize=\dimen141
\epsfysize=\dimen142
\pspoints=\dimen143
)
\rptnum=\count179
\rptloopnum=\count180
\fncount=\count181
\endfncount=\count182
\c@front@matter@foot@note=\count183
\keys@width=\skip53
\c@lastfootnote=\count184
\tempsectnum=\count185
\ackbox=\box60
\c@remember@figure@num=\count186
\c@remember@table@num=\count187
\bibskip=\skip54
\bibindent=\dimen144
\plot@width=\skip55
\c@table@save=\count188
\@abovenoteskip=\dimen145
\table@note@skip=\skip56
\deluxe@table@width=\skip57
\@d@t@a=\skip58
\c@deluxe@table@num=\count189
\LTcapwidth=\dimen146
\abovedeluxetableskip=\skip59
\belowdeluxetableskip=\skip60
\lastrowheight=\dimen147
\DT@p@ftn=\toks19
\pt@column=\count190
\pt@ncol=\count191
 (d:/texlive/2020/texmf-dist/tex/latex/tools/longtable.sty
Package: longtable 2020/01/07 v4.13 Multi-page Table package (DPC)
\LTleft=\skip61
\LTright=\skip62
\LTpre=\skip63
\LTpost=\skip64
\LTchunksize=\count192
\LTcapwidth=\dimen148
\LT@head=\box61
\LT@firsthead=\box62
\LT@foot=\box63
\LT@lastfoot=\box64
\LT@cols=\count193
\LT@rows=\count194
\c@LT@tables=\count195
\c@LT@chunks=\count196
\LT@p@ftn=\toks20
) (d:/texlive/2020/texmf-dist/tex/latex/xcolor/xcolor.sty
Package: xcolor 2016/05/11 v2.12 LaTeX color extensions (UK)
 (d:/texlive/2020/texmf-dist/tex/latex/graphics-cfg/color.cfg
File: color.cfg 2016/01/02 v1.6 sample color configuration
)
Package xcolor Info: Driver file: xetex.def on input line 225.
Package xcolor Info: Model `cmy' substituted by `cmy0' on input line 1348.
Package xcolor Info: Model `RGB' extended on input line 1364.
Package xcolor Info: Model `HTML' substituted by `rgb' on input line 1366.
Package xcolor Info: Model `Hsb' substituted by `hsb' on input line 1367.
Package xcolor Info: Model `tHsb' substituted by `hsb' on input line 1368.
Package xcolor Info: Model `HSB' substituted by `hsb' on input line 1369.
Package xcolor Info: Model `Gray' substituted by `gray' on input line 1370.
Package xcolor Info: Model `wave' substituted by `hsb' on input line 1371.
) (d:/texlive/2020/texmf-dist/tex/latex/hyperref/hyperref.sty
Package: hyperref 2020/01/14 v7.00d Hypertext links for LaTeX
 (d:/texlive/2020/texmf-dist/tex/generic/ltxcmds/ltxcmds.sty
Package: ltxcmds 2019/12/15 v1.24 LaTeX kernel commands for general use (HO)
) (d:/texlive/2020/texmf-dist/tex/generic/iftex/iftex.sty
Package: iftex 2020/03/06 v1.0d TeX engine tests
) (d:/texlive/2020/texmf-dist/tex/latex/pdftexcmds/pdftexcmds.sty
Package: pdftexcmds 2019/11/24 v0.31 Utility functions of pdfTeX for LuaTeX (HO)
 (d:/texlive/2020/texmf-dist/tex/generic/infwarerr/infwarerr.sty
Package: infwarerr 2019/12/03 v1.5 Providing info/warning/error messages (HO)
)
Package pdftexcmds Info: \pdf@primitive is available.
Package pdftexcmds Info: \pdf@ifprimitive is available.
Package pdftexcmds Info: \pdfdraftmode not found.
) (d:/texlive/2020/texmf-dist/tex/generic/kvsetkeys/kvsetkeys.sty
Package: kvsetkeys 2019/12/15 v1.18 Key value parser (HO)
) (d:/texlive/2020/texmf-dist/tex/generic/kvdefinekeys/kvdefinekeys.sty
Package: kvdefinekeys 2019-12-19 v1.6 Define keys (HO)
) (d:/texlive/2020/texmf-dist/tex/generic/pdfescape/pdfescape.sty
Package: pdfescape 2019/12/09 v1.15 Implements pdfTeX's escape features (HO)
) (d:/texlive/2020/texmf-dist/tex/latex/hycolor/hycolor.sty
Package: hycolor 2020-01-27 v1.10 Color options for hyperref/bookmark (HO)
) (d:/texlive/2020/texmf-dist/tex/latex/letltxmacro/letltxmacro.sty
Package: letltxmacro 2019/12/03 v1.6 Let assignment for LaTeX macros (HO)
) (d:/texlive/2020/texmf-dist/tex/latex/auxhook/auxhook.sty
Package: auxhook 2019-12-17 v1.6 Hooks for auxiliary files (HO)
) (d:/texlive/2020/texmf-dist/tex/latex/kvoptions/kvoptions.sty
Package: kvoptions 2019/11/29 v3.13 Key value format for package options (HO)
)
\@linkdim=\dimen149
\Hy@linkcounter=\count197
\Hy@pagecounter=\count198
 (d:/texlive/2020/texmf-dist/tex/latex/hyperref/pd1enc.def
File: pd1enc.def 2020/01/14 v7.00d Hyperref: PDFDocEncoding definition (HO)
) (d:/texlive/2020/texmf-dist/tex/generic/intcalc/intcalc.sty
Package: intcalc 2019/12/15 v1.3 Expandable calculations with integers (HO)
) (d:/texlive/2020/texmf-dist/tex/generic/etexcmds/etexcmds.sty
Package: etexcmds 2019/12/15 v1.7 Avoid name clashes with e-TeX commands (HO)
)
\Hy@SavedSpaceFactor=\count199
Package hyperref Info: Option `bookmarks' set `true' on input line 4421.
Package hyperref Info: Option `pdfnewwindow' set `true' on input line 4421.
Package hyperref Info: Option `colorlinks' set `true' on input line 4421.
Package hyperref Info: Option `final' set `true' on input line 4421.
Package hyperref Info: Hyper figures OFF on input line 4547.
Package hyperref Info: Link nesting OFF on input line 4552.
Package hyperref Info: Hyper index ON on input line 4555.
Package hyperref Info: Plain pages OFF on input line 4562.
Package hyperref Info: Backreferencing OFF on input line 4567.
Package hyperref Info: Implicit mode ON; LaTeX internals redefined.
Package hyperref Info: Bookmarks ON on input line 4800.
LaTeX Info: Redefining \href on input line 5070.
\c@Hy@tempcnt=\count266
LaTeX Info: Redefining \url on input line 5159.
\XeTeXLinkMargin=\dimen150
 (d:/texlive/2020/texmf-dist/tex/generic/bitset/bitset.sty
Package: bitset 2019/12/09 v1.3 Handle bit-vector datatype (HO)
 (d:/texlive/2020/texmf-dist/tex/generic/bigintcalc/bigintcalc.sty
Package: bigintcalc 2019/12/15 v1.5 Expandable calculations on big integers (HO)
))
\Fld@menulength=\count267
\Field@Width=\dimen151
\Fld@charsize=\dimen152
Package hyperref Info: Hyper figures OFF on input line 6430.
Package hyperref Info: Link nesting OFF on input line 6435.
Package hyperref Info: Hyper index ON on input line 6438.
Package hyperref Info: backreferencing OFF on input line 6445.
Package hyperref Info: Link coloring ON on input line 6448.
Package hyperref Info: Link coloring with OCG OFF on input line 6455.
Package hyperref Info: PDF/A mode OFF on input line 6460.
LaTeX Info: Redefining \ref on input line 6500.
LaTeX Info: Redefining \pageref on input line 6504.
 (d:/texlive/2020/texmf-dist/tex/generic/atbegshi/atbegshi.sty
Package: atbegshi 2019/12/05 v1.19 At begin shipout hook (HO)
)
\Hy@abspage=\count268
\c@Item=\count269
\c@Hfootnote=\count270
)
Package hyperref Info: Driver (autodetected): hxetex.
 (d:/texlive/2020/texmf-dist/tex/latex/hyperref/hxetex.def
File: hxetex.def 2020/01/14 v7.00d Hyperref driver for XeTeX
 (d:/texlive/2020/texmf-dist/tex/latex/hyperref/puenc.def
File: puenc.def 2020/01/14 v7.00d Hyperref: PDF Unicode definition (HO)
) (d:/texlive/2020/texmf-dist/tex/generic/stringenc/stringenc.sty
Package: stringenc 2019/11/29 v1.12 Convert strings between diff. encodings (HO)
)
\pdfm@box=\box65
\c@Hy@AnnotLevel=\count271
\HyField@AnnotCount=\count272
\Fld@listcount=\count273
\c@bookmark@seq@number=\count274
 (d:/texlive/2020/texmf-dist/tex/latex/rerunfilecheck/rerunfilecheck.sty
Package: rerunfilecheck 2019/12/05 v1.9 Rerun checks for auxiliary files (HO)
 (d:/texlive/2020/texmf-dist/tex/latex/atveryend/atveryend.sty
Package: atveryend 2019-12-11 v1.11 Hooks at the very end of document (HO)
) (d:/texlive/2020/texmf-dist/tex/generic/uniquecounter/uniquecounter.sty
Package: uniquecounter 2019/12/15 v1.4 Provide unlimited unique counter (HO)
)
Package uniquecounter Info: New unique counter `rerunfilecheck' on input line 286.
)
\Hy@SectionHShift=\skip65
) (d:/texlive/2020/texmf-dist/tex/latex/tools/array.sty
Package: array 2019/08/31 v2.4l Tabular extension package (FMi)
\col@sep=\dimen153
\ar@mcellbox=\box66
\extrarowheight=\dimen154
\NC@list=\toks21
\extratabsurround=\skip66
\backup@length=\skip67
\ar@cellbox=\box67
)
\colcount=\count275
\firstcolcount=\count276
\secondcolcount=\count277
\thirdcolcount=\count278
\columncount=\count279
\howmanyDs=\count280
\firsthowmanyDs=\count281
\secondhowmanyDs=\count282
\PartsOfTable=\count283
\columnoneandtwo=\count284
\colnumsused=\count285
\loopnum=\count286
\totalcolumncount=\count287
\totalcolumns=\count288
\firsttablebox=\box68
\secondtablebox=\box69
\thirdtablebox=\box70
\longtablebox=\box71
\splitbox=\box72
\movetabledown=\dimen155
\maxtablewidth=\dimen156
\savetabskip=\dimen157
\tempcounter=\count289
\colheadcount=\count290
\rotatetablebox=\box73
\colorcount=\count291
\refchangenumber=\count292
\listchangenum=\count293
 (d:/texlive/2020/texmf-dist/tex/generic/ulem/ulem.sty
\UL@box=\box74
\UL@hyphenbox=\box75
\UL@skip=\skip68
\UL@hook=\toks22
\UL@height=\dimen158
\UL@pe=\count294
\UL@pixel=\dimen159
\ULC@box=\box76
Package: ulem 2019/11/18
\ULdepth=\dimen160
)
\entriesinthiscollab=\count295
\allentries=\count296
\AuthorCollaborationLimit=\count297
\largestAffilNum=\count298
\totalentries=\count299
\docollabnum=\count300
\tempauthornumber=\count301
\countauthors=\count302
\testnum=\count303
\tempauthorminusone=\count304
\affilnum=\count305
\c@affilcount=\count306
\numauthors=\count307
\collabnum=\count308
\collabnamebox=\box77
\widetext@top=\box78
\widetext@bot=\box79
\movetableright=\dimen161
) (d:/texlive/2020/texmf-dist/tex/latex/subfigure/subfigure.sty
Package: subfigure 2002/03/15 v2.1.5 subfigure package
\subfigtopskip=\skip69
\subfigcapskip=\skip70
\subfigcaptopadj=\dimen162
\subfigbottomskip=\skip71
\subfigcapmargin=\dimen163
\subfiglabelskip=\skip72
\c@subfigure=\count309
\c@lofdepth=\count310
\c@subtable=\count311
\c@lotdepth=\count312

****************************************
* Local config file subfigure.cfg used *
****************************************
(d:/texlive/2020/texmf-dist/tex/latex/subfigure/subfigure.cfg)
\subfig@top=\skip73
\subfig@bottom=\skip74
) (d:/texlive/2020/texmf-dist/tex/latex/amsmath/amsmath.sty
Package: amsmath 2020/01/20 v2.17e AMS math features
\@mathmargin=\skip75

For additional information on amsmath, use the `?' option.
(d:/texlive/2020/texmf-dist/tex/latex/amsmath/amstext.sty
Package: amstext 2000/06/29 v2.01 AMS text
 (d:/texlive/2020/texmf-dist/tex/latex/amsmath/amsgen.sty
File: amsgen.sty 1999/11/30 v2.0 generic functions
\@emptytoks=\toks23
\ex@=\dimen164
)
LaTeX Info: Redefining \text on input line 28.
) (d:/texlive/2020/texmf-dist/tex/latex/amsmath/amsbsy.sty
Package: amsbsy 1999/11/29 v1.2d Bold Symbols
\pmbraise@=\dimen165
) (d:/texlive/2020/texmf-dist/tex/latex/amsmath/amsopn.sty
Package: amsopn 2016/03/08 v2.02 operator names
)
\inf@bad=\count313
LaTeX Info: Redefining \frac on input line 227.
\uproot@=\count314
\leftroot@=\count315
LaTeX Info: Redefining \overline on input line 389.
\classnum@=\count316
\DOTSCASE@=\count317
LaTeX Info: Redefining \ldots on input line 486.
LaTeX Info: Redefining \dots on input line 489.
LaTeX Info: Redefining \cdots on input line 610.
\Mathstrutbox@=\box80
\strutbox@=\box81
\big@size=\dimen166
LaTeX Font Info:    Redeclaring font encoding OML on input line 733.
LaTeX Font Info:    Redeclaring font encoding OMS on input line 734.
\macc@depth=\count318
\c@MaxMatrixCols=\count319
\dotsspace@=\muskip17
\c@parentequation=\count320
\dspbrk@lvl=\count321
\tag@help=\toks24
\row@=\count322
\column@=\count323
\maxfields@=\count324
\andhelp@=\toks25
\eqnshift@=\dimen167
\alignsep@=\dimen168
\tagshift@=\dimen169
\tagwidth@=\dimen170
\totwidth@=\dimen171
\lineht@=\dimen172
\@envbody=\toks26
\multlinegap=\skip76
\multlinetaggap=\skip77
\mathdisplay@stack=\toks27
LaTeX Info: Redefining \[ on input line 2859.
LaTeX Info: Redefining \] on input line 2860.
) (d:/texlive/2020/texmf-dist/tex/latex/booktabs/booktabs.sty
Package: booktabs 2020/01/12 v1.61803398 Publication quality tables
\heavyrulewidth=\dimen173
\lightrulewidth=\dimen174
\cmidrulewidth=\dimen175
\belowrulesep=\dimen176
\belowbottomsep=\dimen177
\aboverulesep=\dimen178
\abovetopsep=\dimen179
\cmidrulesep=\dimen180
\cmidrulekern=\dimen181
\defaultaddspace=\dimen182
\@cmidla=\count325
\@cmidlb=\count326
\@aboverulesep=\dimen183
\@belowrulesep=\dimen184
\@thisruleclass=\count327
\@lastruleclass=\count328
\@thisrulewidth=\dimen185
) (d:/texlive/2020/texmf-dist/tex/latex/threeparttable/threeparttable.sty
Package: threeparttable 2003/06/13  v 3.0
\@tempboxb=\box82
) (d:/texlive/2020/texmf-dist/tex/latex/tools/bm.sty
Package: bm 2019/07/24 v1.2d Bold Symbol Support (DPC/FMi)
\symboldoperators=\mathgroup7
\symboldletters=\mathgroup8
\symboldsymbols=\mathgroup9
\symboldlasy=\mathgroup10
LaTeX Font Info:    Redeclaring math alphabet \mathbf on input line 141.
LaTeX Info: Redefining \bm on input line 209.
) (d:/texlive/2020/texmf-dist/tex/latex/breakurl/breakurl.sty
Package: breakurl 2013/04/10 v1.40 Breakable hyperref URLs
 (d:/texlive/2020/texmf-dist/tex/latex/xkeyval/xkeyval.sty
Package: xkeyval 2014/12/03 v2.7a package option processing (HA)
 (d:/texlive/2020/texmf-dist/tex/generic/xkeyval/xkeyval.tex (d:/texlive/2020/texmf-dist/tex/generic/xkeyval/xkvutils.tex
\XKV@toks=\toks28
\XKV@tempa@toks=\toks29
)
\XKV@depth=\count329
File: xkeyval.tex 2014/12/03 v2.7a key=value parser (HA)
)) (d:/texlive/2020/texmf-dist/tex/generic/iftex/ifpdf.sty
Package: ifpdf 2019/10/25 v3.4 ifpdf legacy package. Use iftex instead.
)
\burl@toks=\toks30

d:/texlive/2020/texmf-dist/tex/latex/breakurl/breakurl.sty:311: Undefined control sequence.
<argument> \headerps@out 
                         {/burl@stx null def /BU.S { /burl@stx null def } de...
l.311 }
       
The control sequence at the end of the top line
of your error message was never \def'ed. If you have
misspelled it (e.g., `\hobx'), type `I' and the correct
spelling (e.g., `I\hbox'). Otherwise just continue,
and I'll forget about whatever was undefined.


d:/texlive/2020/texmf-dist/tex/latex/breakurl/breakurl.sty:311: LaTeX Error: Missing \begin{document}.

See the LaTeX manual or LaTeX Companion for explanation.
Type  H <return>  for immediate help.
 ...                                              
                                                  
l.311 }
       
You're in trouble here.  Try typing  <return>  to proceed.
If that doesn't work, type  X <return>  to quit.


Overfull \hbox (60.35774pt too wide) in paragraph at lines 311--311
[]\TU/lmr/m/n/12 /burl@stx
 []


Overfull \hbox (19.26pt too wide) in paragraph at lines 311--311
\TU/lmr/m/n/12 null
 []


Overfull \hbox (15.336pt too wide) in paragraph at lines 311--311
\TU/lmr/m/n/12 def
 []


Overfull \hbox (32.796pt too wide) in paragraph at lines 311--311
\TU/lmr/m/n/12 /BU.S
 []


Overfull \hbox (51.324pt too wide) in paragraph at lines 311--311
\TU/lmr/m/n/12 /burl@stx
 []


Overfull \hbox (19.26pt too wide) in paragraph at lines 311--311
\TU/lmr/m/n/12 null
 []


Overfull \hbox (15.336pt too wide) in paragraph at lines 311--311
\TU/lmr/m/n/12 def
 []


Overfull \hbox (15.336pt too wide) in paragraph at lines 311--311
\TU/lmr/m/n/12 def
 []


Overfull \hbox (39.324pt too wide) in paragraph at lines 311--311
\TU/lmr/m/n/12 /BU.SS
 []


Overfull \hbox (20.232pt too wide) in paragraph at lines 311--311
\TU/lmr/m/n/12 cur-
 []


Overfull \hbox (24.48pt too wide) in paragraph at lines 311--311
\TU/lmr/m/n/12 rent-
 []


Overfull \hbox (26.772pt too wide) in paragraph at lines 311--311
\TU/lmr/m/n/12 point
 []


Overfull \hbox (48.648pt too wide) in paragraph at lines 311--311
\TU/lmr/m/n/12 /burl@lly
 []


Overfull \hbox (22.848pt too wide) in paragraph at lines 311--311
\TU/lmr/m/n/12 exch
 []


Overfull \hbox (15.336pt too wide) in paragraph at lines 311--311
\TU/lmr/m/n/12 def
 []


Overfull \hbox (48.648pt too wide) in paragraph at lines 311--311
\TU/lmr/m/n/12 /burl@llx
 []


Overfull \hbox (22.848pt too wide) in paragraph at lines 311--311
\TU/lmr/m/n/12 exch
 []


Overfull \hbox (15.336pt too wide) in paragraph at lines 311--311
\TU/lmr/m/n/12 def
 []


Overfull \hbox (45.444pt too wide) in paragraph at lines 311--311
\TU/lmr/m/n/12 burl@stx
 []


Overfull \hbox (19.26pt too wide) in paragraph at lines 311--311
\TU/lmr/m/n/12 null
 []


Overfull \hbox (11.748pt too wide) in paragraph at lines 311--311
\TU/lmr/m/n/12 ne
 []


Overfull \hbox (54.516pt too wide) in paragraph at lines 311--311
\TU/lmr/m/n/12 burl@endx
 []


Overfull \hbox (42.768pt too wide) in paragraph at lines 311--311
\TU/lmr/m/n/12 burl@llx
 []


Overfull \hbox (11.748pt too wide) in paragraph at lines 311--311
\TU/lmr/m/n/12 ne
 []


Overfull \hbox (35.40001pt too wide) in paragraph at lines 311--311
\TU/lmr/m/n/12 BU.FL
 []


Overfull \hbox (26.916pt too wide) in paragraph at lines 311--311
\TU/lmr/m/n/12 BU.S
 []


Overfull \hbox (6.852pt too wide) in paragraph at lines 311--311
\TU/lmr/m/n/12 if
 []


Overfull \hbox (6.852pt too wide) in paragraph at lines 311--311
\TU/lmr/m/n/12 if
 []


Overfull \hbox (45.444pt too wide) in paragraph at lines 311--311
\TU/lmr/m/n/12 burl@stx
 []


Overfull \hbox (19.26pt too wide) in paragraph at lines 311--311
\TU/lmr/m/n/12 null
 []


Overfull \hbox (11.424pt too wide) in paragraph at lines 311--311
\TU/lmr/m/n/12 eq
 []


Overfull \hbox (42.768pt too wide) in paragraph at lines 311--311
\TU/lmr/m/n/12 burl@llx
 []


Overfull \hbox (19.584pt too wide) in paragraph at lines 311--311
\TU/lmr/m/n/12 dup
 []


Overfull \hbox (51.324pt too wide) in paragraph at lines 311--311
\TU/lmr/m/n/12 /burl@stx
 []


Overfull \hbox (22.848pt too wide) in paragraph at lines 311--311
\TU/lmr/m/n/12 exch
 []


Overfull \hbox (15.336pt too wide) in paragraph at lines 311--311
\TU/lmr/m/n/12 def
 []


Overfull \hbox (60.396pt too wide) in paragraph at lines 311--311
\TU/lmr/m/n/12 /burl@endx
 []


Overfull \hbox (22.848pt too wide) in paragraph at lines 311--311
\TU/lmr/m/n/12 exch
 []


Overfull \hbox (15.336pt too wide) in paragraph at lines 311--311
\TU/lmr/m/n/12 def
 []


Overfull \hbox (42.768pt too wide) in paragraph at lines 311--311
\TU/lmr/m/n/12 burl@lly
 []


Overfull \hbox (19.584pt too wide) in paragraph at lines 311--311
\TU/lmr/m/n/12 dup
 []


Overfull \hbox (59.1pt too wide) in paragraph at lines 311--311
\TU/lmr/m/n/12 /burl@boty
 []


Overfull \hbox (22.848pt too wide) in paragraph at lines 311--311
\TU/lmr/m/n/12 exch
 []


Overfull \hbox (15.336pt too wide) in paragraph at lines 311--311
\TU/lmr/m/n/12 def
 []


Overfull \hbox (58.776pt too wide) in paragraph at lines 311--311
\TU/lmr/m/n/12 /burl@topy
 []


Overfull \hbox (22.848pt too wide) in paragraph at lines 311--311
\TU/lmr/m/n/12 exch
 []


Overfull \hbox (15.336pt too wide) in paragraph at lines 311--311
\TU/lmr/m/n/12 def
 []


Overfull \hbox (6.852pt too wide) in paragraph at lines 311--311
\TU/lmr/m/n/12 if
 []


Overfull \hbox (42.768pt too wide) in paragraph at lines 311--311
\TU/lmr/m/n/12 burl@lly
 []


Overfull \hbox (53.22pt too wide) in paragraph at lines 311--311
\TU/lmr/m/n/12 burl@boty
 []


Overfull \hbox (10.452pt too wide) in paragraph at lines 311--311
\TU/lmr/m/n/12 gt
 []


Overfull \hbox (59.1pt too wide) in paragraph at lines 311--311
\TU/lmr/m/n/12 /burl@boty
 []


Overfull \hbox (42.768pt too wide) in paragraph at lines 311--311
\TU/lmr/m/n/12 burl@lly
 []


Overfull \hbox (15.336pt too wide) in paragraph at lines 311--311
\TU/lmr/m/n/12 def
 []


Overfull \hbox (6.852pt too wide) in paragraph at lines 311--311
\TU/lmr/m/n/12 if
 []


Overfull \hbox (15.336pt too wide) in paragraph at lines 311--311
\TU/lmr/m/n/12 def
 []


Overfull \hbox (40.788pt too wide) in paragraph at lines 311--311
\TU/lmr/m/n/12 /BU.SE
 []


Overfull \hbox (20.232pt too wide) in paragraph at lines 311--311
\TU/lmr/m/n/12 cur-
 []


Overfull \hbox (24.48pt too wide) in paragraph at lines 311--311
\TU/lmr/m/n/12 rent-
 []


Overfull \hbox (26.772pt too wide) in paragraph at lines 311--311
\TU/lmr/m/n/12 point
 []


Overfull \hbox (53.22pt too wide) in paragraph at lines 311--311
\TU/lmr/m/n/12 /burl@ury
 []


Overfull \hbox (22.848pt too wide) in paragraph at lines 311--311
\TU/lmr/m/n/12 exch
 []


Overfull \hbox (15.336pt too wide) in paragraph at lines 311--311
\TU/lmr/m/n/12 def
 []


Overfull \hbox (19.584pt too wide) in paragraph at lines 311--311
\TU/lmr/m/n/12 dup
 []


Overfull \hbox (53.22pt too wide) in paragraph at lines 311--311
\TU/lmr/m/n/12 /burl@urx
 []


Overfull \hbox (22.848pt too wide) in paragraph at lines 311--311
\TU/lmr/m/n/12 exch
 []


Overfull \hbox (15.336pt too wide) in paragraph at lines 311--311
\TU/lmr/m/n/12 def
 []


Overfull \hbox (60.396pt too wide) in paragraph at lines 311--311
\TU/lmr/m/n/12 /burl@endx
 []


Overfull \hbox (22.848pt too wide) in paragraph at lines 311--311
\TU/lmr/m/n/12 exch
 []


Overfull \hbox (15.336pt too wide) in paragraph at lines 311--311
\TU/lmr/m/n/12 def
 []


Overfull \hbox (47.34pt too wide) in paragraph at lines 311--311
\TU/lmr/m/n/12 burl@ury
 []


Overfull \hbox (52.896pt too wide) in paragraph at lines 311--311
\TU/lmr/m/n/12 burl@topy
 []


Overfull \hbox (7.836pt too wide) in paragraph at lines 311--311
\TU/lmr/m/n/12 lt
 []


Overfull \hbox (58.776pt too wide) in paragraph at lines 311--311
\TU/lmr/m/n/12 /burl@topy
 []


Overfull \hbox (47.34pt too wide) in paragraph at lines 311--311
\TU/lmr/m/n/12 burl@ury
 []


Overfull \hbox (15.336pt too wide) in paragraph at lines 311--311
\TU/lmr/m/n/12 def
 []


Overfull \hbox (6.852pt too wide) in paragraph at lines 311--311
\TU/lmr/m/n/12 if
 []


Overfull \hbox (15.336pt too wide) in paragraph at lines 311--311
\TU/lmr/m/n/12 def
 []


Overfull \hbox (34.26pt too wide) in paragraph at lines 311--311
\TU/lmr/m/n/12 /BU.E
 []


Overfull \hbox (35.40001pt too wide) in paragraph at lines 311--311
\TU/lmr/m/n/12 BU.FL
 []


Overfull \hbox (15.336pt too wide) in paragraph at lines 311--311
\TU/lmr/m/n/12 def
 []


Overfull \hbox (41.28pt too wide) in paragraph at lines 311--311
\TU/lmr/m/n/12 /BU.FL
 []


Overfull \hbox (45.444pt too wide) in paragraph at lines 311--311
\TU/lmr/m/n/12 burl@stx
 []


Overfull \hbox (19.26pt too wide) in paragraph at lines 311--311
\TU/lmr/m/n/12 null
 []


Overfull \hbox (11.748pt too wide) in paragraph at lines 311--311
\TU/lmr/m/n/12 ne
 []


Overfull \hbox (37.032pt too wide) in paragraph at lines 311--311
\TU/lmr/m/n/12 BU.DF
 []


Overfull \hbox (6.852pt too wide) in paragraph at lines 311--311
\TU/lmr/m/n/12 if
 []


Overfull \hbox (15.336pt too wide) in paragraph at lines 311--311
\TU/lmr/m/n/12 def
 []


Overfull \hbox (42.912pt too wide) in paragraph at lines 311--311
\TU/lmr/m/n/12 /BU.DF
 []


Overfull \hbox (37.02pt too wide) in paragraph at lines 311--311
\TU/lmr/m/n/12 BU.BB
 []


Overfull \hbox (3.264pt too wide) in paragraph at lines 311--311
\TU/lmr/m/n/12 [
 []


Overfull \hbox (14.688pt too wide) in paragraph at lines 311--311
\TU/lmr/m/n/12 /H
 []


Overfull \hbox (10.116pt too wide) in paragraph at lines 311--311
\TU/lmr/m/n/12 /I
 []


Overfull \hbox (28.56pt too wide) in paragraph at lines 311--311
\TU/lmr/m/n/12 /Bor-
 []


Overfull \hbox (16.32pt too wide) in paragraph at lines 311--311
\TU/lmr/m/n/12 der
 []


Overfull \hbox (70.188pt too wide) in paragraph at lines 311--311
\TU/lmr/m/n/12 [burl@border]
 []


Overfull \hbox (33.96pt too wide) in paragraph at lines 311--311
\TU/lmr/m/n/12 /Color
 []


Overfull \hbox (95.004pt too wide) in paragraph at lines 311--311
\TU/lmr/m/n/12 [burl@bordercolor]
 []


Overfull \hbox (23.496pt too wide) in paragraph at lines 311--311
\TU/lmr/m/n/12 /Ac-
 []


Overfull \hbox (20.244pt too wide) in paragraph at lines 311--311
\TU/lmr/m/n/12 tion
 []


Overfull \hbox (6.528pt too wide) in paragraph at lines 311--311
\TU/lmr/m/n/12 «
 []


Overfull \hbox (29.376pt too wide) in paragraph at lines 311--311
\TU/lmr/m/n/12 /Sub-
 []


Overfull \hbox (22.524pt too wide) in paragraph at lines 311--311
\TU/lmr/m/n/12 type
 []


Overfull \hbox (27.576pt too wide) in paragraph at lines 311--311
\TU/lmr/m/n/12 /URI
 []


Overfull \hbox (27.576pt too wide) in paragraph at lines 311--311
\TU/lmr/m/n/12 /URI
 []


Overfull \hbox (27.732pt too wide) in paragraph at lines 311--311
\TU/lmr/m/n/12 BU.L
 []


Overfull \hbox (6.528pt too wide) in paragraph at lines 311--311
\TU/lmr/m/n/12 »
 []


Overfull \hbox (29.376pt too wide) in paragraph at lines 311--311
\TU/lmr/m/n/12 /Sub-
 []


Overfull \hbox (22.524pt too wide) in paragraph at lines 311--311
\TU/lmr/m/n/12 type
 []


Overfull \hbox (29.22pt too wide) in paragraph at lines 311--311
\TU/lmr/m/n/12 /Link
 []


Overfull \hbox (28.704pt too wide) in paragraph at lines 311--311
\TU/lmr/m/n/12 BU.B
 []


Overfull \hbox (32.304pt too wide) in paragraph at lines 311--311
\TU/lmr/m/n/12 /ANN
 []


Overfull \hbox (20.88pt too wide) in paragraph at lines 311--311
\TU/lmr/m/n/12 pdf-
 []


Overfull \hbox (26.448pt too wide) in paragraph at lines 311--311
\TU/lmr/m/n/12 mark
 []


Overfull \hbox (51.324pt too wide) in paragraph at lines 311--311
\TU/lmr/m/n/12 /burl@stx
 []


Overfull \hbox (19.26pt too wide) in paragraph at lines 311--311
\TU/lmr/m/n/12 null
 []


Overfull \hbox (15.336pt too wide) in paragraph at lines 311--311
\TU/lmr/m/n/12 def
 []


Overfull \hbox (15.336pt too wide) in paragraph at lines 311--311
\TU/lmr/m/n/12 def
 []


Overfull \hbox (42.90001pt too wide) in paragraph at lines 311--311
\TU/lmr/m/n/12 /BU.BB
 []


Overfull \hbox (45.444pt too wide) in paragraph at lines 311--311
\TU/lmr/m/n/12 burl@stx
 []


Overfull \hbox (18.924pt too wide) in paragraph at lines 311--311
\TU/lmr/m/n/12 Hy-
 []


Overfull \hbox (20.556pt too wide) in paragraph at lines 311--311
\TU/lmr/m/n/12 per-
 []


Overfull \hbox (22.68001pt too wide) in paragraph at lines 311--311
\TU/lmr/m/n/12 Bor-
 []


Overfull \hbox (16.32pt too wide) in paragraph at lines 311--311
\TU/lmr/m/n/12 der
 []


Overfull \hbox (17.688pt too wide) in paragraph at lines 311--311
\TU/lmr/m/n/12 sub
 []


Overfull \hbox (51.324pt too wide) in paragraph at lines 311--311
\TU/lmr/m/n/12 /burl@stx
 []


Overfull \hbox (22.848pt too wide) in paragraph at lines 311--311
\TU/lmr/m/n/12 exch
 []


Overfull \hbox (15.336pt too wide) in paragraph at lines 311--311
\TU/lmr/m/n/12 def
 []


Overfull \hbox (54.516pt too wide) in paragraph at lines 311--311
\TU/lmr/m/n/12 burl@endx
 []


Overfull \hbox (18.924pt too wide) in paragraph at lines 311--311
\TU/lmr/m/n/12 Hy-
 []


Overfull \hbox (20.556pt too wide) in paragraph at lines 311--311
\TU/lmr/m/n/12 per-
 []


Overfull \hbox (22.68001pt too wide) in paragraph at lines 311--311
\TU/lmr/m/n/12 Bor-
 []


Overfull \hbox (16.32pt too wide) in paragraph at lines 311--311
\TU/lmr/m/n/12 der
 []


Overfull \hbox (18.936pt too wide) in paragraph at lines 311--311
\TU/lmr/m/n/12 add
 []


Overfull \hbox (60.396pt too wide) in paragraph at lines 311--311
\TU/lmr/m/n/12 /burl@endx
 []


Overfull \hbox (22.848pt too wide) in paragraph at lines 311--311
\TU/lmr/m/n/12 exch
 []


Overfull \hbox (15.336pt too wide) in paragraph at lines 311--311
\TU/lmr/m/n/12 def
 []


Overfull \hbox (53.22pt too wide) in paragraph at lines 311--311
\TU/lmr/m/n/12 burl@boty
 []


Overfull \hbox (18.924pt too wide) in paragraph at lines 311--311
\TU/lmr/m/n/12 Hy-
 []


Overfull \hbox (20.556pt too wide) in paragraph at lines 311--311
\TU/lmr/m/n/12 per-
 []


Overfull \hbox (22.68001pt too wide) in paragraph at lines 311--311
\TU/lmr/m/n/12 Bor-
 []


Overfull \hbox (16.32pt too wide) in paragraph at lines 311--311
\TU/lmr/m/n/12 der
 []


Overfull \hbox (18.936pt too wide) in paragraph at lines 311--311
\TU/lmr/m/n/12 add
 []


Overfull \hbox (59.1pt too wide) in paragraph at lines 311--311
\TU/lmr/m/n/12 /burl@boty
 []


Overfull \hbox (22.848pt too wide) in paragraph at lines 311--311
\TU/lmr/m/n/12 exch
 []


Overfull \hbox (15.336pt too wide) in paragraph at lines 311--311
\TU/lmr/m/n/12 def
 []


Overfull \hbox (52.896pt too wide) in paragraph at lines 311--311
\TU/lmr/m/n/12 burl@topy
 []


Overfull \hbox (18.924pt too wide) in paragraph at lines 311--311
\TU/lmr/m/n/12 Hy-
 []


Overfull \hbox (20.556pt too wide) in paragraph at lines 311--311
\TU/lmr/m/n/12 per-
 []


Overfull \hbox (22.68001pt too wide) in paragraph at lines 311--311
\TU/lmr/m/n/12 Bor-
 []


Overfull \hbox (16.32pt too wide) in paragraph at lines 311--311
\TU/lmr/m/n/12 der
 []


Overfull \hbox (17.688pt too wide) in paragraph at lines 311--311
\TU/lmr/m/n/12 sub
 []


Overfull \hbox (58.776pt too wide) in paragraph at lines 311--311
\TU/lmr/m/n/12 /burl@topy
 []


Overfull \hbox (22.848pt too wide) in paragraph at lines 311--311
\TU/lmr/m/n/12 exch
 []


Overfull \hbox (15.336pt too wide) in paragraph at lines 311--311
\TU/lmr/m/n/12 def
 []


Overfull \hbox (15.336pt too wide) in paragraph at lines 311--311
\TU/lmr/m/n/12 def
 []


Overfull \hbox (34.584pt too wide) in paragraph at lines 311--311
\TU/lmr/m/n/12 /BU.B
 []


Overfull \hbox (78.252pt too wide) in paragraph at lines 311--311
\TU/lmr/m/n/12 /Rect[burl@stx
 []


Overfull \hbox (53.22pt too wide) in paragraph at lines 311--311
\TU/lmr/m/n/12 burl@boty
 []


Overfull \hbox (54.516pt too wide) in paragraph at lines 311--311
\TU/lmr/m/n/12 burl@endx
 []


Overfull \hbox (56.16pt too wide) in paragraph at lines 311--311
\TU/lmr/m/n/12 burl@topy]
 []


Overfull \hbox (15.336pt too wide) in paragraph at lines 311--311
\TU/lmr/m/n/12 def
 []


Overfull \hbox (23.508pt too wide) in paragraph at lines 311--311
\TU/lmr/m/n/12 /eop
 []


Overfull \hbox (30.024pt too wide) in paragraph at lines 311--311
\TU/lmr/m/n/12 where
 []


Overfull \hbox (15.984pt too wide) in paragraph at lines 311--311
\TU/lmr/m/n/12 be-
 []


Overfull \hbox (15.672pt too wide) in paragraph at lines 311--311
\TU/lmr/m/n/12 gin
 []


Overfull \hbox (46.356pt too wide) in paragraph at lines 311--311
\TU/lmr/m/n/12 /@ldeop-
 []


Overfull \hbox (20.892pt too wide) in paragraph at lines 311--311
\TU/lmr/m/n/12 burl
 []


Overfull \hbox (23.508pt too wide) in paragraph at lines 311--311
\TU/lmr/m/n/12 /eop
 []


Overfull \hbox (21.552pt too wide) in paragraph at lines 311--311
\TU/lmr/m/n/12 load
 []


Overfull \hbox (15.336pt too wide) in paragraph at lines 311--311
\TU/lmr/m/n/12 def
 []


Overfull \hbox (23.508pt too wide) in paragraph at lines 311--311
\TU/lmr/m/n/12 /eop
 []


Overfull \hbox (28.56pt too wide) in paragraph at lines 311--311
\TU/lmr/m/n/12 SDict
 []


Overfull \hbox (15.984pt too wide) in paragraph at lines 311--311
\TU/lmr/m/n/12 be-
 []


Overfull \hbox (15.672pt too wide) in paragraph at lines 311--311
\TU/lmr/m/n/12 gin
 []


Overfull \hbox (35.40001pt too wide) in paragraph at lines 311--311
\TU/lmr/m/n/12 BU.FL
 []


Overfull \hbox (18.276pt too wide) in paragraph at lines 311--311
\TU/lmr/m/n/12 end
 []


Overfull \hbox (40.476pt too wide) in paragraph at lines 311--311
\TU/lmr/m/n/12 @ldeop-
 []


Overfull \hbox (20.892pt too wide) in paragraph at lines 311--311
\TU/lmr/m/n/12 burl
 []


Overfull \hbox (15.336pt too wide) in paragraph at lines 311--311
\TU/lmr/m/n/12 def
 []


Overfull \hbox (18.276pt too wide) in paragraph at lines 311--311
\TU/lmr/m/n/12 end
 []


Overfull \hbox (23.508pt too wide) in paragraph at lines 311--311
\TU/lmr/m/n/12 /eop
 []


Overfull \hbox (28.56pt too wide) in paragraph at lines 311--311
\TU/lmr/m/n/12 SDict
 []


Overfull \hbox (15.984pt too wide) in paragraph at lines 311--311
\TU/lmr/m/n/12 be-
 []


Overfull \hbox (15.672pt too wide) in paragraph at lines 311--311
\TU/lmr/m/n/12 gin
 []


Overfull \hbox (35.40001pt too wide) in paragraph at lines 311--311
\TU/lmr/m/n/12 BU.FL
 []


Overfull \hbox (18.276pt too wide) in paragraph at lines 311--311
\TU/lmr/m/n/12 end
 []


Overfull \hbox (15.336pt too wide) in paragraph at lines 311--311
\TU/lmr/m/n/12 def
 []


Overfull \hbox (25.188pt too wide) in paragraph at lines 311--311
\TU/lmr/m/n/12 ifelse 
 []

) (d:/texlive/2020/texmf-dist/tex/latex/cjk/texinput/CJKutf8.sty
Package: CJKutf8 2015/04/18 4.8.4
 (d:/texlive/2020/texmf-dist/tex/latex/base/inputenc.sty
Package: inputenc 2018/08/11 v1.3c Input encoding file
\inpenc@prehook=\toks31
\inpenc@posthook=\toks32


Package inputenc Warning: inputenc package ignored with utf8 based engines.

) (d:/texlive/2020/texmf-dist/tex/latex/cjk/texinput/CJK.sty
Package: CJK 2015/04/18 4.8.4
 (d:/texlive/2020/texmf-dist/tex/latex/cjk/texinput/mule/MULEenc.sty
Package: MULEenc 2015/04/18 4.8.4
) (d:/texlive/2020/texmf-dist/tex/latex/cjk/texinput/CJK.enc
File: CJK.enc 2015/04/18 4.8.4
)
LaTeX Info: Redefining \selectfont on input line 755.
\CJK@indent=\box83
) (d:/texlive/2020/texmf-dist/tex/latex/base/fontenc.sty
Package: fontenc 2020/02/11 v2.0o Standard LaTeX package
))
Class revtex4-1 Info: Unrecognized array package. Please update this document class! (Proceeding with fingers crossed.) on input line 37.
Class revtex4-1 Info: Patching unrecognized longtable package. (Proceeding with fingers crossed) on input line 37.
Class revtex4-1 Info: cite was not loaded (OK!) on input line 37.
Class revtex4-1 Info: mcite was not loaded (OK!) on input line 37.
Class revtex4-1 Info: multicol was not loaded (OK!) on input line 37.
 (d:/texlive/2020/texmf-dist/tex/latex/l3backend/l3backend-xdvipdfmx.def
File: l3backend-xdvipdfmx.def 2020-03-12 L3 backend support: xdvipdfmx
\g__graphics_track_int=\count330
\l__pdf_internal_box=\box84
\g__pdf_backend_object_int=\count331
\g__pdf_backend_annotation_int=\count332
)
No file template.aux.
\openout1 = `template.aux'.

LaTeX Font Info:    Checking defaults for OML/cmm/m/it on input line 37.
LaTeX Font Info:    ... okay on input line 37.
LaTeX Font Info:    Checking defaults for OMS/cmsy/m/n on input line 37.
LaTeX Font Info:    ... okay on input line 37.
LaTeX Font Info:    Checking defaults for OT1/cmr/m/n on input line 37.
LaTeX Font Info:    ... okay on input line 37.
LaTeX Font Info:    Checking defaults for T1/cmr/m/n on input line 37.
LaTeX Font Info:    ... okay on input line 37.
LaTeX Font Info:    Checking defaults for TS1/cmr/m/n on input line 37.
LaTeX Font Info:    Trying to load font information for TS1+cmr on input line 37.
(d:/texlive/2020/texmf-dist/tex/latex/base/ts1cmr.fd
File: ts1cmr.fd 2019/12/16 v2.5j Standard LaTeX font definitions
)
LaTeX Font Info:    ... okay on input line 37.
LaTeX Font Info:    Checking defaults for TU/lmr/m/n on input line 37.
LaTeX Font Info:    ... okay on input line 37.
LaTeX Font Info:    Checking defaults for OMX/cmex/m/n on input line 37.
LaTeX Font Info:    ... okay on input line 37.
LaTeX Font Info:    Checking defaults for U/cmr/m/n on input line 37.
LaTeX Font Info:    ... okay on input line 37.
LaTeX Font Info:    Checking defaults for PD1/pdf/m/n on input line 37.
LaTeX Font Info:    ... okay on input line 37.
LaTeX Font Info:    Checking defaults for PU/pdf/m/n on input line 37.
LaTeX Font Info:    ... okay on input line 37.
LaTeX Font Info:    Checking defaults for C00/song/m/n on input line 37.
LaTeX Font Info:    ... okay on input line 37.
LaTeX Font Info:    Checking defaults for C05/song/m/n on input line 37.
LaTeX Font Info:    ... okay on input line 37.
LaTeX Font Info:    Checking defaults for C09/song/m/n on input line 37.
LaTeX Font Info:    ... okay on input line 37.
LaTeX Font Info:    Checking defaults for C10/song/m/n on input line 37.
LaTeX Font Info:    ... okay on input line 37.
LaTeX Font Info:    Checking defaults for C20/song/m/n on input line 37.
LaTeX Font Info:    ... okay on input line 37.
LaTeX Font Info:    Checking defaults for C19/song/m/n on input line 37.
LaTeX Font Info:    ... okay on input line 37.
LaTeX Font Info:    Checking defaults for C40/song/m/n on input line 37.
LaTeX Font Info:    ... okay on input line 37.
LaTeX Font Info:    Checking defaults for C42/song/m/n on input line 37.
LaTeX Font Info:    ... okay on input line 37.
LaTeX Font Info:    Checking defaults for C43/song/m/n on input line 37.
LaTeX Font Info:    ... okay on input line 37.
LaTeX Font Info:    Checking defaults for C50/song/m/n on input line 37.
LaTeX Font Info:    ... okay on input line 37.
LaTeX Font Info:    Checking defaults for C52/song/m/n on input line 37.
LaTeX Font Info:    ... okay on input line 37.
LaTeX Font Info:    Checking defaults for C49/song/m/n on input line 37.
LaTeX Font Info:    ... okay on input line 37.
LaTeX Font Info:    Checking defaults for C60/mj/m/n on input line 37.
LaTeX Font Info:    ... okay on input line 37.
LaTeX Font Info:    Checking defaults for C61/mj/m/n on input line 37.
LaTeX Font Info:    ... okay on input line 37.
LaTeX Font Info:    Checking defaults for C63/mj/m/n on input line 37.
LaTeX Font Info:    ... okay on input line 37.
LaTeX Font Info:    Checking defaults for C64/mj/m/n on input line 37.
LaTeX Font Info:    ... okay on input line 37.
LaTeX Font Info:    Checking defaults for C65/mj/m/n on input line 37.
LaTeX Font Info:    ... okay on input line 37.
LaTeX Font Info:    Checking defaults for C70/song/m/n on input line 37.
LaTeX Font Info:    ... okay on input line 37.
LaTeX Font Info:    Checking defaults for C31/song/m/n on input line 37.
LaTeX Font Info:    ... okay on input line 37.
LaTeX Font Info:    Checking defaults for C32/song/m/n on input line 37.
LaTeX Font Info:    ... okay on input line 37.
LaTeX Font Info:    Checking defaults for C33/song/m/n on input line 37.
LaTeX Font Info:    ... okay on input line 37.
LaTeX Font Info:    Checking defaults for C34/song/m/n on input line 37.
LaTeX Font Info:    ... okay on input line 37.
LaTeX Font Info:    Checking defaults for C35/song/m/n on input line 37.
LaTeX Font Info:    ... okay on input line 37.
LaTeX Font Info:    Checking defaults for C36/song/m/n on input line 37.
LaTeX Font Info:    ... okay on input line 37.
LaTeX Font Info:    Checking defaults for C37/song/m/n on input line 37.
LaTeX Font Info:    ... okay on input line 37.
LaTeX Font Info:    Checking defaults for C80/song/m/n on input line 37.
LaTeX Font Info:    ... okay on input line 37.
LaTeX Font Info:    Checking defaults for C81/song/m/n on input line 37.
LaTeX Font Info:    ... okay on input line 37.
LaTeX Font Info:    Checking defaults for C01/song/m/n on input line 37.
LaTeX Font Info:    ... okay on input line 37.
LaTeX Font Info:    Checking defaults for C11/song/m/n on input line 37.
LaTeX Font Info:    ... okay on input line 37.
LaTeX Font Info:    Checking defaults for C21/song/m/n on input line 37.
LaTeX Font Info:    ... okay on input line 37.
LaTeX Font Info:    Checking defaults for C41/song/m/n on input line 37.
LaTeX Font Info:    ... okay on input line 37.
LaTeX Font Info:    Checking defaults for C62/song/m/n on input line 37.
LaTeX Font Info:    ... okay on input line 37.
\AtBeginShipoutBox=\box85
Package hyperref Info: Link coloring ON on input line 37.
 (d:/texlive/2020/texmf-dist/tex/latex/hyperref/nameref.sty
Package: nameref 2019/09/16 v2.46 Cross-referencing by name of section
 (d:/texlive/2020/texmf-dist/tex/latex/refcount/refcount.sty
Package: refcount 2019/12/15 v3.6 Data extraction from label references (HO)
) (d:/texlive/2020/texmf-dist/tex/generic/gettitlestring/gettitlestring.sty
Package: gettitlestring 2019/12/15 v1.6 Cleanup title references (HO)
)
\c@section@level=\count333
)
LaTeX Info: Redefining \ref on input line 37.
LaTeX Info: Redefining \pageref on input line 37.
LaTeX Info: Redefining \nameref on input line 37.
\@outlinefile=\write4
\openout4 = `template.out'.



Package hyperref Warning: Rerun to get /PageLabels entry.

LaTeX Font Info:    Trying to load font information for U+lasy on input line 64.
(d:/texlive/2020/texmf-dist/tex/latex/base/ulasy.fd
File: ulasy.fd 1998/08/17 v2.2e LaTeX symbol font definitions
)
LaTeX Font Info:    Trying to load font information for U+msa on input line 64.
 (d:/texlive/2020/texmf-dist/tex/latex/amsfonts/umsa.fd
File: umsa.fd 2013/01/14 v3.01 AMS symbols A
)
LaTeX Font Info:    Trying to load font information for U+msb on input line 64.
 (d:/texlive/2020/texmf-dist/tex/latex/amsfonts/umsb.fd
File: umsb.fd 2013/01/14 v3.01 AMS symbols B
)
LaTeX Font Info:    Font shape `U/lasy/b/n' in size <7> not available
(Font)              Font shape `U/lasy/m/n' tried instead on input line 64.
LaTeX Font Info:    Font shape `U/lasy/b/n' in size <5> not available
(Font)              Font shape `U/lasy/m/n' tried instead on input line 64.
 (d:/texlive/2020/texmf-dist/tex/latex/cjk/texinput/UTF8/UTF8.bdg
File: UTF8.bdg 2015/04/18 4.8.4
) (d:/texlive/2020/texmf-dist/tex/latex/cjk/texinput/UTF8/UTF8.enc
File: UTF8.enc 2015/04/18 4.8.4
) (d:/texlive/2020/texmf-dist/tex/latex/cjk/texinput/UTF8/UTF8.chr
File: UTF8.chr 2015/04/18 4.8.4
)
Missing character: There is no 潘 in font [lmromancaps10-regular]:mapping=tex-text;!
Missing character: There is no 國 in font [lmromancaps10-regular]:mapping=tex-text;!
Missing character: There is no 全 in font [lmromancaps10-regular]:mapping=tex-text;!
LaTeX Font Info:    Font shape `U/lasy/b/n' in size <8> not available
(Font)              Font shape `U/lasy/m/n' tried instead on input line 64.
LaTeX Font Info:    Font shape `U/lasy/b/n' in size <6> not available
(Font)              Font shape `U/lasy/m/n' tried instead on input line 64.
 (d:/texlive/2020/texmf-dist/tex/generic/stringenc/se-ascii-print.def
File: se-ascii-print.def 2019/11/29 v1.12 stringenc: Printable ASCII characters
)

Package natbib Warning: Citation `2019JPhG...46a4001P' on page 1 undefined on input line 66.

File: fig1.pdf Graphic file (type pdf)
<use fig1.pdf>
[1]

Package natbib Warning: There were undefined citations.

[2]
Package atveryend Info: Empty hook `AfterLastShipout' on input line 94.
 (./template.aux

Package natbib Warning: Citation(s) may have changed.
(natbib)                Rerun to get citations correct.

)
Package atveryend Info: Empty hook `AtVeryEndDocument' on input line 94.
Package atveryend Info: Executing hook `AtEndAfterFileList' on input line 94.


Package rerunfilecheck Warning: File `template.out' has changed.
(rerunfilecheck)                Rerun to get outlines right
(rerunfilecheck)                or use package `bookmark'.

Package rerunfilecheck Info: Checksums for `template.out':
(rerunfilecheck)             Before: <no file>
(rerunfilecheck)             After:  EBBA64C6AEEB4920CF39F1B345A52801;223.

LaTeX Warning: Label(s) may have changed. Rerun to get cross-references right .

 ) 
Here is how much of TeX's memory you used:
 14450 strings out of 481358
 194971 string characters out of 5927881
 507066 words of memory out of 5000000
 31599 multiletter control sequences out of 15000+600000
 546126 words of font info for 91 fonts, out of 8000000 for 9000
 36 hyphenation exceptions out of 8191
 42i,6n,45p,235b,791s stack positions out of 5000i,500n,10000p,200000b,80000s

Output written on template.pdf (2 pages).
